<?xml version="1.0" encoding="UTF-8"?>
<coverage generated="1776428338249" clover="3.2.0">
  <project timestamp="1776428338250" name="All files">
    <metrics statements="21" coveredstatements="21" conditionals="8" coveredconditionals="8" methods="11" coveredmethods="11" elements="40" coveredelements="40" complexity="0" loc="21" ncloc="21" packages="1" files="5" classes="5"/>
    <file name="Badge.tsx" path="/home/vahe/React_Unit_Test/src/components/Badge.tsx">
      <metrics statements="1" coveredstatements="1" conditionals="0" coveredconditionals="0" methods="1" coveredmethods="1"/>
      <line num="6" count="2" type="stmt"/>
    </file>
    <file name="Header.tsx" path="/home/vahe/React_Unit_Test/src/components/Header.tsx">
      <metrics statements="1" coveredstatements="1" conditionals="0" coveredconditionals="0" methods="1" coveredmethods="1"/>
      <line num="2" count="1" type="stmt"/>
    </file>
    <file name="ProfileCard.tsx" path="/home/vahe/React_Unit_Test/src/components/ProfileCard.tsx">
      <metrics statements="3" coveredstatements="3" conditionals="0" coveredconditionals="0" methods="1" coveredmethods="1"/>
      <line num="11" count="1" type="stmt"/>
      <line num="12" count="1" type="stmt"/>
      <line num="14" count="1" type="stmt"/>
    </file>
    <file name="QuoteBox.tsx" path="/home/vahe/React_Unit_Test/src/components/QuoteBox.tsx">
      <metrics statements="6" coveredstatements="6" conditionals="4" coveredconditionals="4" methods="1" coveredmethods="1"/>
      <line num="10" count="3" type="stmt"/>
      <line num="21" count="3" type="cond" truecount="2" falsecount="0"/>
      <line num="22" count="1" type="stmt"/>
      <line num="30" count="2" type="cond" truecount="2" falsecount="0"/>
      <line num="31" count="1" type="stmt"/>
      <line num="39" count="1" type="stmt"/>
    </file>
    <file name="TaskList.tsx" path="/home/vahe/React_Unit_Test/src/components/TaskList.tsx">
      <metrics statements="10" coveredstatements="10" conditionals="4" coveredconditionals="4" methods="7" coveredmethods="7"/>
      <line num="4" count="1" type="stmt"/>
      <line num="11" count="4" type="stmt"/>
      <line num="13" count="4" type="stmt"/>
      <line num="14" count="2" type="stmt"/>
      <line num="15" count="2" type="stmt"/>
      <line num="16" count="6" type="cond" truecount="2" falsecount="0"/>
      <line num="21" count="12" type="stmt"/>
      <line num="23" count="4" type="stmt"/>
      <line num="37" count="12" type="stmt"/>
      <line num="44" count="2" type="stmt"/>
    </file>
  </project>
</coverage>
