{"/home/vahe/React_Unit_Test/src/components/Badge.tsx": {"path":"/home/vahe/React_Unit_Test/src/components/Badge.tsx","statementMap":{"0":{"start":{"line":6,"column":2},"end":{"line":6,"column":48}}},"fnMap":{"0":{"name":"Badge","decl":{"start":{"line":5,"column":9},"end":{"line":5,"column":14}},"loc":{"start":{"line":5,"column":38},"end":{"line":7,"column":1}},"line":5}},"branchMap":{},"s":{"0":2},"f":{"0":2},"b":{},"_coverageSchema":"1a1c01bbd47fc00a2c39e90264f33305004495a9","hash":"a3be1cbcb77556a5e862d5c60e9d15ba1f89a163"}
,"/home/vahe/React_Unit_Test/src/components/Header.tsx": {"path":"/home/vahe/React_Unit_Test/src/components/Header.tsx","statementMap":{"0":{"start":{"line":2,"column":2},"end":{"line":10,"column":4}}},"fnMap":{"0":{"name":"Header","decl":{"start":{"line":1,"column":9},"end":{"line":1,"column":15}},"loc":{"start":{"line":1,"column":18},"end":{"line":11,"column":1}},"line":1}},"branchMap":{},"s":{"0":1},"f":{"0":1},"b":{},"_coverageSchema":"1a1c01bbd47fc00a2c39e90264f33305004495a9","hash":"294fc2236cf36bb2bca74da2b50cabf2da35d979"}
,"/home/vahe/React_Unit_Test/src/components/ProfileCard.tsx": {"path":"/home/vahe/React_Unit_Test/src/components/ProfileCard.tsx","statementMap":{"0":{"start":{"line":11,"column":19},"end":{"line":11,"column":54}},"1":{"start":{"line":12,"column":22},"end":{"line":12,"column":38}},"2":{"start":{"line":14,"column":2},"end":{"line":21,"column":4}}},"fnMap":{"0":{"name":"ProfileCard","decl":{"start":{"line":10,"column":9},"end":{"line":10,"column":20}},"loc":{"start":{"line":10,"column":70},"end":{"line":22,"column":1}},"line":10}},"branchMap":{},"s":{"0":1,"1":1,"2":1},"f":{"0":1},"b":{},"_coverageSchema":"1a1c01bbd47fc00a2c39e90264f33305004495a9","hash":"4256db442bb9a378797bb4862bac22c3eb884e24"}
,"/home/vahe/React_Unit_Test/src/components/QuoteBox.tsx": {"path":"/home/vahe/React_Unit_Test/src/components/QuoteBox.tsx","statementMap":{"0":{"start":{"line":10,"column":37},"end":{"line":19,"column":3}},"1":{"start":{"line":21,"column":2},"end":{"line":28,"column":3}},"2":{"start":{"line":22,"column":4},"end":{"line":27,"column":6}},"3":{"start":{"line":30,"column":2},"end":{"line":37,"column":3}},"4":{"start":{"line":31,"column":4},"end":{"line":36,"column":6}},"5":{"start":{"line":39,"column":2},"end":{"line":46,"column":4}}},"fnMap":{"0":{"name":"QuoteBox","decl":{"start":{"line":9,"column":9},"end":{"line":9,"column":17}},"loc":{"start":{"line":9,"column":20},"end":{"line":47,"column":1}},"line":9}},"branchMap":{"0":{"loc":{"start":{"line":21,"column":2},"end":{"line":28,"column":3}},"type":"if","locations":[{"start":{"line":21,"column":2},"end":{"line":28,"column":3}},{"start":{},"end":{}}],"line":21},"1":{"loc":{"start":{"line":30,"column":2},"end":{"line":37,"column":3}},"type":"if","locations":[{"start":{"line":30,"column":2},"end":{"line":37,"column":3}},{"start":{},"end":{}}],"line":30}},"s":{"0":3,"1":3,"2":1,"3":2,"4":1,"5":1},"f":{"0":3},"b":{"0":[1,2],"1":[1,1]},"_coverageSchema":"1a1c01bbd47fc00a2c39e90264f33305004495a9","hash":"0b2b29167de951a52b368c7500e3c12da0a228ab"}
,"/home/vahe/React_Unit_Test/src/components/TaskList.tsx": {"path":"/home/vahe/React_Unit_Test/src/components/TaskList.tsx","statementMap":{"0":{"start":{"line":4,"column":29},"end":{"line":8,"column":1}},"1":{"start":{"line":11,"column":28},"end":{"line":11,"column":50}},"2":{"start":{"line":13,"column":21},"end":{"line":19,"column":3}},"3":{"start":{"line":14,"column":4},"end":{"line":18,"column":6}},"4":{"start":{"line":15,"column":6},"end":{"line":17,"column":7}},"5":{"start":{"line":16,"column":8},"end":{"line":16,"column":75}},"6":{"start":{"line":21,"column":25},"end":{"line":21,"column":70}},"7":{"start":{"line":21,"column":48},"end":{"line":21,"column":62}},"8":{"start":{"line":23,"column":2},"end":{"line":51,"column":4}},"9":{"start":{"line":37,"column":10},"end":{"line":47,"column":18}},"10":{"start":{"line":44,"column":30},"end":{"line":44,"column":49}}},"fnMap":{"0":{"name":"TaskList","decl":{"start":{"line":10,"column":9},"end":{"line":10,"column":17}},"loc":{"start":{"line":10,"column":20},"end":{"line":52,"column":1}},"line":10},"1":{"name":"(anonymous_1)","decl":{"start":{"line":13,"column":21},"end":{"line":13,"column":22}},"loc":{"start":{"line":13,"column":41},"end":{"line":19,"column":3}},"line":13},"2":{"name":"(anonymous_2)","decl":{"start":{"line":14,"column":13},"end":{"line":14,"column":14}},"loc":{"start":{"line":15,"column":6},"end":{"line":17,"column":7}},"line":15},"3":{"name":"(anonymous_3)","decl":{"start":{"line":15,"column":23},"end":{"line":15,"column":24}},"loc":{"start":{"line":16,"column":8},"end":{"line":16,"column":75}},"line":16},"4":{"name":"(anonymous_4)","decl":{"start":{"line":21,"column":38},"end":{"line":21,"column":39}},"loc":{"start":{"line":21,"column":48},"end":{"line":21,"column":62}},"line":21},"5":{"name":"(anonymous_5)","decl":{"start":{"line":36,"column":19},"end":{"line":36,"column":20}},"loc":{"start":{"line":37,"column":10},"end":{"line":47,"column":18}},"line":37},"6":{"name":"(anonymous_6)","decl":{"start":{"line":44,"column":24},"end":{"line":44,"column":25}},"loc":{"start":{"line":44,"column":30},"end":{"line":44,"column":49}},"line":44}},"branchMap":{"0":{"loc":{"start":{"line":16,"column":8},"end":{"line":16,"column":75}},"type":"cond-expr","locations":[{"start":{"line":16,"column":29},"end":{"line":16,"column":68}},{"start":{"line":16,"column":71},"end":{"line":16,"column":75}}],"line":16},"1":{"loc":{"start":{"line":39,"column":36},"end":{"line":39,"column":71}},"type":"cond-expr","locations":[{"start":{"line":39,"column":53},"end":{"line":39,"column":66}},{"start":{"line":39,"column":69},"end":{"line":39,"column":71}}],"line":39}},"s":{"0":1,"1":4,"2":4,"3":2,"4":2,"5":6,"6":4,"7":12,"8":4,"9":12,"10":2},"f":{"0":4,"1":2,"2":2,"3":6,"4":12,"5":12,"6":2},"b":{"0":[2,4],"1":[5,7]},"_coverageSchema":"1a1c01bbd47fc00a2c39e90264f33305004495a9","hash":"eec649b59a4048350c9f1a7737b277cfd36973d2"}
}
