TN:
SF:src/components/Badge.tsx
FN:5,Badge
FNF:1
FNH:1
FNDA:2,Badge
DA:6,2
LF:1
LH:1
BRF:0
BRH:0
end_of_record
TN:
SF:src/components/Header.tsx
FN:1,Header
FNF:1
FNH:1
FNDA:1,Header
DA:2,1
LF:1
LH:1
BRF:0
BRH:0
end_of_record
TN:
SF:src/components/ProfileCard.tsx
FN:10,ProfileCard
FNF:1
FNH:1
FNDA:1,ProfileCard
DA:11,1
DA:12,1
DA:14,1
LF:3
LH:3
BRF:0
BRH:0
end_of_record
TN:
SF:src/components/QuoteBox.tsx
FN:9,QuoteBox
FNF:1
FNH:1
FNDA:3,QuoteBox
DA:10,3
DA:21,3
DA:22,1
DA:30,2
DA:31,1
DA:39,1
LF:6
LH:6
BRDA:21,0,0,1
BRDA:21,0,1,2
BRDA:30,1,0,1
BRDA:30,1,1,1
BRF:4
BRH:4
end_of_record
TN:
SF:src/components/TaskList.tsx
FN:10,TaskList
FN:13,(anonymous_1)
FN:14,(anonymous_2)
FN:15,(anonymous_3)
FN:21,(anonymous_4)
FN:36,(anonymous_5)
FN:44,(anonymous_6)
FNF:7
FNH:7
FNDA:4,TaskList
FNDA:2,(anonymous_1)
FNDA:2,(anonymous_2)
FNDA:6,(anonymous_3)
FNDA:12,(anonymous_4)
FNDA:12,(anonymous_5)
FNDA:2,(anonymous_6)
DA:4,1
DA:11,4
DA:13,4
DA:14,2
DA:15,2
DA:16,6
DA:21,12
DA:23,4
DA:37,12
DA:44,2
LF:10
LH:10
BRDA:16,0,0,2
BRDA:16,0,1,4
BRDA:39,1,0,5
BRDA:39,1,1,7
BRF:4
BRH:4
end_of_record
